
Jan 23, 2023 10:59:01.74 NEW SESSION
Jan 23, 2023 10:59:01.74 [19684:19176:0123/105901.734:ERROR:util.cc(134)] Can't create base directory: C:\Program Files\Google\GoogleUpdater
Jan 23, 2023 11:00:49.04 [19684:20504:0123/110049.042:ERROR:device_event_log_impl.cc(215)] [11:00:49.042] USB: usb_service_win.cc:104 SetupDiGetDeviceProperty({{A45C254E-DF1C-4EFD-8020-67D146A850E0}, 6}) failed: Element not found. (0x490)
Jan 23, 2023 11:54:35.95 [8556:20696:0123/115435.945:ERROR:util.cc(134)] Can't create base directory: C:\Program Files\Google\GoogleUpdater
Jan 23, 2023 12:09:38.09 [8556:20188:0123/120938.092:ERROR:device_event_log_impl.cc(215)] [12:09:38.092] USB: usb_service_win.cc:104 SetupDiGetDeviceProperty({{A45C254E-DF1C-4EFD-8020-67D146A850E0}, 6}) failed: Element not found. (0x490)

Jan 23, 2023 12:14:58.81 NEW SESSION
Jan 23, 2023 12:14:58.81 [14532:3776:0123/121458.802:ERROR:util.cc(134)] Can't create base directory: C:\Program Files\Google\GoogleUpdater
Jan 23, 2023 12:53:15.12 [8848:6004:0123/125315.115:ERROR:util.cc(134)] Can't create base directory: C:\Program Files\Google\GoogleUpdater
Jan 23, 2023 14:17:38.61 [18136:11356:0123/141738.602:ERROR:util.cc(134)] Can't create base directory: C:\Program Files\Google\GoogleUpdater
Jan 23, 2023 15:05:31.92 [2724:10872:0123/150531.908:ERROR:util.cc(134)] Can't create base directory: C:\Program Files\Google\GoogleUpdater

Jan 23, 2023 15:23:16.78 NEW SESSION
Jan 23, 2023 15:23:16.78 [7848:17648:0123/152316.765:ERROR:util.cc(134)] Can't create base directory: C:\Program Files\Google\GoogleUpdater
Jan 23, 2023 15:42:46.43 [13884:8176:0123/154246.418:ERROR:util.cc(134)] Can't create base directory: C:\Program Files\Google\GoogleUpdater

Jan 25, 2023 10:06:55.03 NEW SESSION
Jan 25, 2023 10:06:55.04 [15000:17940:0125/100655.003:ERROR:util.cc(134)] Can't create base directory: C:\Program Files\Google\GoogleUpdater
Jan 25, 2023 10:54:33.08 [15000:20460:0125/105433.069:ERROR:device_event_log_impl.cc(215)] [10:54:33.069] USB: usb_service_win.cc:104 SetupDiGetDeviceProperty({{A45C254E-DF1C-4EFD-8020-67D146A850E0}, 6}) failed: Element not found. (0x490)
Jan 25, 2023 12:45:50.73 [15000:18204:0125/124550.725:ERROR:connection_factory_impl.cc(427)] Failed to connect to MCS endpoint with error -105
Jan 25, 2023 12:45:53.32 [15000:18204:0125/124553.312:ERROR:connection_factory_impl.cc(427)] Failed to connect to MCS endpoint with error -105
Jan 25, 2023 12:45:57.35 [15000:18204:0125/124557.343:ERROR:connection_factory_impl.cc(427)] Failed to connect to MCS endpoint with error -105
Jan 25, 2023 12:51:04.96 [15000:18204:0125/125104.941:ERROR:connection_factory_impl.cc(472)] ConnectionHandler failed with net error: -2
Jan 25, 2023 13:00:22.07 [15000:18204:0125/130022.006:ERROR:connection_factory_impl.cc(472)] ConnectionHandler failed with net error: -2
Jan 25, 2023 13:00:22.14 [15000:18204:0125/130022.098:ERROR:connection_factory_impl.cc(427)] Failed to connect to MCS endpoint with error -105
Jan 25, 2023 13:06:08.45 [15000:20460:0125/130608.442:ERROR:interface_endpoint_client.cc(695)] Message 5 rejected by interface blink.mojom.WidgetHost
Jan 25, 2023 13:30:06.56 [15000:18204:0125/133006.559:ERROR:connection_factory_impl.cc(427)] Failed to connect to MCS endpoint with error -106
Jan 25, 2023 13:30:27.78 [15000:18204:0125/133027.766:ERROR:connection_factory_impl.cc(427)] Failed to connect to MCS endpoint with error -106
Jan 25, 2023 13:30:51.58 [15000:18204:0125/133051.566:ERROR:connection_factory_impl.cc(427)] Failed to connect to MCS endpoint with error -105
Jan 25, 2023 13:41:21.84 [15000:18204:0125/134121.786:ERROR:connection_factory_impl.cc(427)] Failed to connect to MCS endpoint with error -105
Jan 25, 2023 13:41:23.83 [15000:18204:0125/134123.816:ERROR:connection_factory_impl.cc(427)] Failed to connect to MCS endpoint with error -106
Jan 25, 2023 13:41:29.71 [15000:18204:0125/134129.709:ERROR:connection_factory_impl.cc(427)] Failed to connect to MCS endpoint with error -105
Jan 25, 2023 13:48:49.08 [15000:18204:0125/134849.069:ERROR:connection_factory_impl.cc(427)] Failed to connect to MCS endpoint with error -105
Jan 25, 2023 13:48:51.09 [15000:18204:0125/134851.083:ERROR:connection_factory_impl.cc(427)] Failed to connect to MCS endpoint with error -105
Jan 25, 2023 13:48:57.25 [15000:18204:0125/134857.248:ERROR:connection_factory_impl.cc(427)] Failed to connect to MCS endpoint with error -105
Jan 25, 2023 13:49:00.75 [15000:18204:0125/134900.747:ERROR:connection_factory_impl.cc(427)] Failed to connect to MCS endpoint with error -105
Jan 25, 2023 13:52:39.30 [15000:18204:0125/135239.283:ERROR:connection_factory_impl.cc(427)] Failed to connect to MCS endpoint with error -105
Jan 25, 2023 13:53:12.76 [15000:18204:0125/135312.751:ERROR:connection_factory_impl.cc(427)] Failed to connect to MCS endpoint with error -105
Jan 25, 2023 13:56:13.76 [15000:18204:0125/135613.749:ERROR:connection_factory_impl.cc(427)] Failed to connect to MCS endpoint with error -105
Jan 25, 2023 13:56:31.77 [15000:18204:0125/135631.753:ERROR:connection_factory_impl.cc(427)] Failed to connect to MCS endpoint with error -105
Jan 25, 2023 13:56:56.93 [15000:18204:0125/135656.930:ERROR:connection_factory_impl.cc(427)] Failed to connect to MCS endpoint with error -106
Jan 25, 2023 14:01:30.27 [15000:18204:0125/140130.252:ERROR:connection_factory_impl.cc(427)] Failed to connect to MCS endpoint with error -105
Jan 25, 2023 14:04:31.26 [15000:18204:0125/140431.252:ERROR:connection_factory_impl.cc(427)] Failed to connect to MCS endpoint with error -105
Jan 25, 2023 14:08:27.28 [15000:18204:0125/140827.263:ERROR:connection_factory_impl.cc(427)] Failed to connect to MCS endpoint with error -105
Jan 25, 2023 14:09:22.77 [15000:18204:0125/140922.756:ERROR:connection_factory_impl.cc(427)] Failed to connect to MCS endpoint with error -105
Jan 25, 2023 14:19:22.78 [15000:18204:0125/141922.769:ERROR:connection_factory_impl.cc(427)] Failed to connect to MCS endpoint with error -105
Jan 25, 2023 14:29:22.80 [15000:18204:0125/142922.788:ERROR:connection_factory_impl.cc(427)] Failed to connect to MCS endpoint with error -105
Jan 25, 2023 14:35:55.01 [15000:18204:0125/143555.006:ERROR:connection_factory_impl.cc(427)] Failed to connect to MCS endpoint with error -106
Jan 25, 2023 14:36:02.77 [15000:18204:0125/143602.758:ERROR:connection_factory_impl.cc(427)] Failed to connect to MCS endpoint with error -105
Jan 25, 2023 14:36:45.05 [15000:18204:0125/143645.031:ERROR:connection_factory_impl.cc(427)] Failed to connect to MCS endpoint with error -105
Jan 25, 2023 14:36:58.35 [15000:18204:0125/143658.266:ERROR:connection_factory_impl.cc(472)] ConnectionHandler failed with net error: -2
Jan 25, 2023 14:37:02.35 [15000:18204:0125/143702.335:ERROR:connection_factory_impl.cc(427)] Failed to connect to MCS endpoint with error -105
Jan 25, 2023 14:37:07.24 [15000:18204:0125/143707.233:ERROR:connection_factory_impl.cc(427)] Failed to connect to MCS endpoint with error -106
Jan 25, 2023 14:37:21.26 [15000:18204:0125/143721.245:ERROR:connection_factory_impl.cc(427)] Failed to connect to MCS endpoint with error -105
Jan 25, 2023 14:39:22.82 [15000:18204:0125/143922.809:ERROR:connection_factory_impl.cc(427)] Failed to connect to MCS endpoint with error -105
Jan 25, 2023 14:43:20.98 [15000:18204:0125/144320.973:ERROR:connection_factory_impl.cc(427)] Failed to connect to MCS endpoint with error -105
Jan 25, 2023 14:50:10.47 [15000:18204:0125/145010.456:ERROR:connection_factory_impl.cc(427)] Failed to connect to MCS endpoint with error -105
Jan 25, 2023 15:00:10.49 [15000:18204:0125/150010.471:ERROR:connection_factory_impl.cc(427)] Failed to connect to MCS endpoint with error -105
Jan 25, 2023 15:04:35.86 [15000:18204:0125/150435.847:ERROR:connection_factory_impl.cc(427)] Failed to connect to MCS endpoint with error -106
Jan 25, 2023 15:06:55.04 [15000:6768:0125/150655.025:ERROR:util.cc(134)] Can't create base directory: C:\Program Files\Google\GoogleUpdater
Jan 25, 2023 17:06:37.57 [15000:18204:0125/170637.536:ERROR:connection_factory_impl.cc(472)] ConnectionHandler failed with net error: -2
Jan 25, 2023 17:06:44.79 [15000:18204:0125/170644.780:ERROR:connection_factory_impl.cc(427)] Failed to connect to MCS endpoint with error -105
Jan 25, 2023 17:07:01.75 [15000:18204:0125/170701.737:ERROR:connection_factory_impl.cc(427)] Failed to connect to MCS endpoint with error -105
Jan 25, 2023 17:07:11.93 [15000:18204:0125/170711.925:ERROR:connection_factory_impl.cc(427)] Failed to connect to MCS endpoint with error -106
Jan 25, 2023 17:07:27.26 [15000:18204:0125/170727.251:ERROR:connection_factory_impl.cc(427)] Failed to connect to MCS endpoint with error -105
Jan 25, 2023 17:08:19.58 [15000:18204:0125/170819.570:ERROR:connection_factory_impl.cc(427)] Failed to connect to MCS endpoint with error -106
Jan 25, 2023 17:08:40.76 [15000:18204:0125/170840.750:ERROR:connection_factory_impl.cc(427)] Failed to connect to MCS endpoint with error -105
Jan 25, 2023 17:31:49.73 [15000:18204:0125/173149.653:ERROR:connection_factory_impl.cc(472)] ConnectionHandler failed with net error: -2
Jan 25, 2023 17:31:49.80 [15000:18204:0125/173149.740:ERROR:connection_factory_impl.cc(427)] Failed to connect to MCS endpoint with error -105
Jan 25, 2023 17:31:53.79 [15000:18204:0125/173153.781:ERROR:connection_factory_impl.cc(427)] Failed to connect to MCS endpoint with error -105
Jan 25, 2023 18:28:38.69 [15000:20460:0125/182838.674:ERROR:interface_endpoint_client.cc(695)] Message 1 rejected by interface blink.mojom.WidgetHost
Jan 25, 2023 22:20:31.72 [15000:18204:0125/183805.270:ERROR:connection_factory_impl.cc(472)] ConnectionHandler failed with net error: -2
Jan 25, 2023 22:20:31.88 [15000:18204:0125/222031.675:ERROR:connection_factory_impl.cc(427)] Failed to connect to MCS endpoint with error -7
Jan 25, 2023 22:20:32.31 [15000:11144:0125/222032.133:ERROR:util.cc(134)] Can't create base directory: C:\Program Files\Google\GoogleUpdater
Jan 25, 2023 22:20:38.27 [15000:18204:0125/222038.077:ERROR:connection_factory_impl.cc(427)] Failed to connect to MCS endpoint with error -105
Jan 26, 2023 18:24:10.43 [15000:18204:0126/182409.866:ERROR:connection_factory_impl.cc(472)] ConnectionHandler failed with net error: -2
Jan 26, 2023 18:24:10.51 [15000:10884:0126/182409.987:ERROR:util.cc(134)] Can't create base directory: C:\Program Files\Google\GoogleUpdater
Jan 26, 2023 18:24:10.68 [15000:18204:0126/182410.203:ERROR:connection_factory_impl.cc(427)] Failed to connect to MCS endpoint with error -105
Jan 26, 2023 18:24:35.19 [15000:18204:0126/182434.090:ERROR:connection_factory_impl.cc(472)] ConnectionHandler failed with net error: -2
